<?xml version="1.0" encoding="UTF-8"?>
<testsuite xmlns:xsi="http://www.w3.org/2001/XMLSchema-instance" xsi:noNamespaceSchemaLocation="https://maven.apache.org/surefire/maven-surefire-plugin/xsd/surefire-test-report.xsd" version="3.0.1" name="ar.edu.utnfrc.k5a.recuperatorio.dao.ConsumoDAOTest" time="2.019" tests="7" errors="0" skipped="0" failures="0">
  <properties>
[...]
</properties>
  <testcase name="findAll_deberiaTraerLosConsumosSemilla" classname="ar.edu.utnfrc.k5a.recuperatorio.dao.ConsumoDAOTest" time="1.837">
    <system-out><![CDATA[&amp#27;[35m[Hibernate]&amp#27;[0m 
    &amp#27;[34mdrop&amp#27;[0m &amp#27;[34mtable&amp#27;[0m &amp#27;[34mif&amp#27;[0m &amp#27;[34mexists&amp#27;[0m CONSUMOS &amp#27;[34mcascade&amp#27;[0m 
&amp#27;[35m[Hibernate]&amp#27;[0m 
    &amp#27;[34mdrop&amp#27;[0m &amp#27;[34mtable&amp#27;[0m &amp#27;[34mif&amp#27;[0m &amp#27;[34mexists&amp#27;[0m COTIZACIONES &amp#27;[34mcascade&amp#27;[0m 
&amp#27;[35m[Hibernate]&amp#27;[0m 
    &amp#27;[34mdrop&amp#27;[0m &amp#27;[34mtable&amp#27;[0m &amp#27;[34mif&amp#27;[0m &amp#27;[34mexists&amp#27;[0m LIQUIDACIONES &amp#27;[34mcascade&amp#27;[0m 
&amp#27;[35m[Hibernate]&amp#27;[0m 
    &amp#27;[34mdrop&amp#27;[0m &amp#27;[34mtable&amp#27;[0m &amp#27;[34mif&amp#27;[0m &amp#27;[34mexists&amp#27;[0m TARJETAS &amp#27;[34mcascade&amp#27;[0m 
&amp#27;[35m[Hibernate]&amp#27;[0m 
    &amp#27;[34mCREATE&amp#27;[0m &amp#27;[34mTABLE&amp#27;[0m COTIZACIONES (
        MONEDA &amp#27;[34mVARCHAR&amp#27;[0m(3) &amp#27;[34mPRIMARY&amp#27;[0m &amp#27;[34mKEY&amp#27;[0m,
        TASA_CAMBIO &amp#27;[34mFLOAT&amp#27;[0m &amp#27;[34mNOT&amp#27;[0m &amp#27;[34mNULL&amp#27;[0m
    )
&amp#27;[35m[Hibernate]&amp#27;[0m 
    &amp#27;[34mCREATE&amp#27;[0m &amp#27;[34mTABLE&amp#27;[0m TARJETAS (
        ID &amp#27;[34mBIGINT&amp#27;[0m AUTO_INCREMENT &amp#27;[34mPRIMARY&amp#27;[0m &amp#27;[34mKEY&amp#27;[0m,
        NUMERO &amp#27;[34mVARCHAR&amp#27;[0m(16) &amp#27;[34mNOT&amp#27;[0m &amp#27;[34mNULL&amp#27;[0m &amp#27;[34mUNIQUE&amp#27;[0m,
        TITULAR &amp#27;[34mVARCHAR&amp#27;[0m(100) &amp#27;[34mNOT&amp#27;[0m &amp#27;[34mNULL&amp#27;[0m,
        LIMITE_CREDITO &amp#27;[34mFLOAT&amp#27;[0m &amp#27;[34mNOT&amp#27;[0m &amp#27;[34mNULL&amp#27;[0m
    )
&amp#27;[35m[Hibernate]&amp#27;[0m 
    &amp#27;[34mCREATE&amp#27;[0m &amp#27;[34mTABLE&amp#27;[0m CONSUMOS (
        ID &amp#27;[34mBIGINT&amp#27;[0m AUTO_INCREMENT &amp#27;[34mPRIMARY&amp#27;[0m &amp#27;[34mKEY&amp#27;[0m,
        ID_TARJETA &amp#27;[34mBIGINT&amp#27;[0m &amp#27;[34mNOT&amp#27;[0m &amp#27;[34mNULL&amp#27;[0m,
        MONTO &amp#27;[34mFLOAT&amp#27;[0m &amp#27;[34mNOT&amp#27;[0m &amp#27;[34mNULL&amp#27;[0m,
        DIA &amp#27;[34mINT&amp#27;[0m &amp#27;[34mNOT&amp#27;[0m &amp#27;[34mNULL&amp#27;[0m,
        MES &amp#27;[34mINT&amp#27;[0m &amp#27;[34mNOT&amp#27;[0m &amp#27;[34mNULL&amp#27;[0m,
        ANIO &amp#27;[34mINT&amp#27;[0m &amp#27;[34mNOT&amp#27;[0m &amp#27;[34mNULL&amp#27;[0m,
        RUBRO &amp#27;[34mVARCHAR&amp#27;[0m(20) &amp#27;[34mNOT&amp#27;[0m &amp#27;[34mNULL&amp#27;[0m,
        MONEDA &amp#27;[34mVARCHAR&amp#27;[0m(3) &amp#27;[34mNOT&amp#27;[0m &amp#27;[34mNULL&amp#27;[0m,
        &amp#27;[34mCONSTRAINT&amp#27;[0m fk_consumo_tarjeta &amp#27;[34mFOREIGN&amp#27;[0m &amp#27;[34mKEY&amp#27;[0m (ID_TARJETA) &amp#27;[34mREFERENCES&amp#27;[0m TARJETAS(ID)
    )
&amp#27;[35m[Hibernate]&amp#27;[0m 
    &amp#27;[34mCREATE&amp#27;[0m &amp#27;[34mTABLE&amp#27;[0m LIQUIDACIONES (
        ID &amp#27;[34mBIGINT&amp#27;[0m AUTO_INCREMENT &amp#27;[34mPRIMARY&amp#27;[0m &amp#27;[34mKEY&amp#27;[0m,
        ID_TARJETA &amp#27;[34mBIGINT&amp#27;[0m &amp#27;[34mNOT&amp#27;[0m &amp#27;[34mNULL&amp#27;[0m,
        MES &amp#27;[34mINT&amp#27;[0m &amp#27;[34mNOT&amp#27;[0m &amp#27;[34mNULL&amp#27;[0m,
        ANIO &amp#27;[34mINT&amp#27;[0m &amp#27;[34mNOT&amp#27;[0m &amp#27;[34mNULL&amp#27;[0m,
        TOTAL_A_PAGAR &amp#27;[34mFLOAT&amp#27;[0m &amp#27;[34mNOT&amp#27;[0m &amp#27;[34mNULL&amp#27;[0m,
        TOTAL_CONSUMOS &amp#27;[34mFLOAT&amp#27;[0m &amp#27;[34mNOT&amp#27;[0m &amp#27;[34mNULL&amp#27;[0m,
        TOTAL_IMPUESTOS &amp#27;[34mFLOAT&amp#27;[0m &amp#27;[34mNOT&amp#27;[0m &amp#27;[34mNULL&amp#27;[0m,
        TOTAL_DESCUENTOS &amp#27;[34mFLOAT&amp#27;[0m &amp#27;[34mNOT&amp#27;[0m &amp#27;[34mNULL&amp#27;[0m,
        &amp#27;[34mCONSTRAINT&amp#27;[0m fk_liquidacion_tarjeta &amp#27;[34mFOREIGN&amp#27;[0m &amp#27;[34mKEY&amp#27;[0m (ID_TARJETA) &amp#27;[34mREFERENCES&amp#27;[0m TARJETAS(ID)
    )
&amp#27;[35m[Hibernate]&amp#27;[0m &amp#27;[34mINSERT&amp#27;[0m &amp#27;[34mINTO&amp#27;[0m COTIZACIONES (MONEDA, TASA_CAMBIO) &amp#27;[34mVALUES&amp#27;[0m (&amp#27;[36m'ARS'&amp#27;[0m, 1.00), (&amp#27;[36m'USD'&amp#27;[0m, 1550.00), (&amp#27;[36m'EUR'&amp#27;[0m, 1680.00), (&amp#27;[36m'BRL'&amp#27;[0m, 280.00), (&amp#27;[36m'CLP'&amp#27;[0m, 1.45)
&amp#27;[35m[Hibernate]&amp#27;[0m &amp#27;[34mINSERT&amp#27;[0m &amp#27;[34mINTO&amp#27;[0m TARJETAS (NUMERO, TITULAR, LIMITE_CREDITO) &amp#27;[34mVALUES&amp#27;[0m (&amp#27;[36m'4500123412340001'&amp#27;[0m, &amp#27;[36m'Juan Perez'&amp#27;[0m, 1500000.0), (&amp#27;[36m'4500123412340002'&amp#27;[0m, &amp#27;[36m'Maria Gomez'&amp#27;[0m, 1200000.0), (&amp#27;[36m'4500123412340003'&amp#27;[0m, &amp#27;[36m'Carlos Diaz'&amp#27;[0m, 2000000.0), (&amp#27;[36m'4500123412340004'&amp#27;[0m, &amp#27;[36m'Ana Martinez'&amp#27;[0m, 800000.0), (&amp#27;[36m'4500123412340005'&amp#27;[0m, &amp#27;[36m'Pedro Sanchez'&amp#27;[0m, 1000000.0), (&amp#27;[36m'4500123412340006'&amp#27;[0m, &amp#27;[36m'Laura Torres'&amp#27;[0m, 950000.0), (&amp#27;[36m'4500123412340007'&amp#27;[0m, &amp#27;[36m'Diego Lopez'&amp#27;[0m, 1100000.0), (&amp#27;[36m'4500123412340008'&amp#27;[0m, &amp#27;[36m'Sofia Ramirez'&amp#27;[0m, 1300000.0), (&amp#27;[36m'4500123412340009'&amp#27;[0m, &amp#27;[36m'Jorge Romero'&amp#27;[0m, 1600000.0), (&amp#27;[36m'4500123412340010'&amp#27;[0m, &amp#27;[36m'Lucia Fernandez'&amp#27;[0m, 1800000.0)
&amp#27;[35m[Hibernate]&amp#27;[0m &amp#27;[34mINSERT&amp#27;[0m &amp#27;[34mINTO&amp#27;[0m CONSUMOS (ID_TARJETA, MONTO, DIA, MES, ANIO, RUBRO, MONEDA) &amp#27;[34mVALUES&amp#27;[0m (1, 4500.0, 1, 5, 2026, &amp#27;[36m'SUPERMERCADO'&amp#27;[0m, &amp#27;[36m'ARS'&amp#27;[0m), (1, 20.0, 2, 5, 2026, &amp#27;[36m'OTROS'&amp#27;[0m, &amp#27;[36m'USD'&amp#27;[0m), (1, 8000.0, 3, 5, 2026, &amp#27;[36m'COMBUSTIBLE'&amp#27;[0m, &amp#27;[36m'ARS'&amp#27;[0m), (1, 55.0, 5, 5, 2026, &amp#27;[36m'INDUMENTARIA'&amp#27;[0m, &amp#27;[36m'EUR'&amp#27;[0m), (1, 12000.0, 6, 5, 2026, &amp#27;[36m'RESTAURANTES'&amp#27;[0m, &amp#27;[36m'ARS'&amp#27;[0m), (1, 3500.0, 8, 5, 2026, &amp#27;[36m'SUPERMERCADO'&amp#27;[0m, &amp#27;[36m'ARS'&amp#27;[0m), (1, 15.0, 10, 5, 2026, &amp#27;[36m'OTROS'&amp#27;[0m, &amp#27;[36m'USD'&amp#27;[0m), (1, 9000.0, 12, 5, 2026, &amp#27;[36m'COMBUSTIBLE'&amp#27;[0m, &amp#27;[36m'ARS'&amp#27;[0m), (1, 40.0, 14, 5, 2026, &amp#27;[36m'INDUMENTARIA'&amp#27;[0m, &amp#27;[36m'EUR'&amp#27;[0m), (1, 15000.0, 16, 5, 2026, &amp#27;[36m'RESTAURANTES'&amp#27;[0m, &amp#27;[36m'ARS'&amp#27;[0m), (1, 5500.0, 18, 5, 2026, &amp#27;[36m'SUPERMERCADO'&amp#27;[0m, &amp#27;[36m'ARS'&amp#27;[0m), (1, 25.0, 20, 5, 2026, &amp#27;[36m'OTROS'&amp#27;[0m, &amp#27;[36m'USD'&amp#27;[0m), (1, 7500.0, 22, 5, 2026, &amp#27;[36m'COMBUSTIBLE'&amp#27;[0m, &amp#27;[36m'ARS'&amp#27;[0m), (1, 60.0, 25, 5, 2026, &amp#27;[36m'INDUMENTARIA'&amp#27;[0m, &amp#27;[36m'EUR'&amp#27;[0m), (1, 18000.0, 28, 5, 2026, &amp#27;[36m'RESTAURANTES'&amp#27;[0m, &amp#27;[36m'ARS'&amp#27;[0m)
&amp#27;[35m[Hibernate]&amp#27;[0m &amp#27;[34mINSERT&amp#27;[0m &amp#27;[34mINTO&amp#27;[0m CONSUMOS (ID_TARJETA, MONTO, DIA, MES, ANIO, RUBRO, MONEDA) &amp#27;[34mVALUES&amp#27;[0m (2, 45000.0, 1, 5, 2026, &amp#27;[36m'INDUMENTARIA'&amp#27;[0m, &amp#27;[36m'ARS'&amp#27;[0m), (2, 12.5, 4, 5, 2026, &amp#27;[36m'OTROS'&amp#27;[0m, &amp#27;[36m'USD'&amp#27;[0m), (2, 30000.0, 8, 5, 2026, &amp#27;[36m'SUPERMERCADO'&amp#27;[0m, &amp#27;[36m'ARS'&amp#27;[0m), (2, 5000.0, 12, 5, 2026, &amp#27;[36m'COMBUSTIBLE'&amp#27;[0m, &amp#27;[36m'ARS'&amp#27;[0m), (2, 100.0, 18, 5, 2026, &amp#27;[36m'RESTAURANTES'&amp#27;[0m, &amp#27;[36m'BRL'&amp#27;[0m), (2, 22000.0, 22, 5, 2026, &amp#27;[36m'SUPERMERCADO'&amp#27;[0m, &amp#27;[36m'ARS'&amp#27;[0m), (2, 15.0, 28, 5, 2026, &amp#27;[36m'OTROS'&amp#27;[0m, &amp#27;[36m'USD'&amp#27;[0m)
&amp#27;[35m[Hibernate]&amp#27;[0m &amp#27;[34mINSERT&amp#27;[0m &amp#27;[34mINTO&amp#27;[0m CONSUMOS (ID_TARJETA, MONTO, DIA, MES, ANIO, RUBRO, MONEDA) &amp#27;[34mVALUES&amp#27;[0m (3, 120.0, 5, 5, 2026, &amp#27;[36m'OTROS'&amp#27;[0m, &amp#27;[36m'USD'&amp#27;[0m), (3, 45.0, 6, 5, 2026, &amp#27;[36m'SUPERMERCADO'&amp#27;[0m, &amp#27;[36m'EUR'&amp#27;[0m), (3, 800.0, 10, 5, 2026, &amp#27;[36m'RESTAURANTES'&amp#27;[0m, &amp#27;[36m'BRL'&amp#27;[0m), (3, 15000.0, 12, 5, 2026, &amp#27;[36m'OTROS'&amp#27;[0m, &amp#27;[36m'CLP'&amp#27;[0m), (3, 15.0, 25, 5, 2026, &amp#27;[36m'INDUMENTARIA'&amp#27;[0m, &amp#27;[36m'USD'&amp#27;[0m), (3, 60000.0, 28, 5, 2026, &amp#27;[36m'COMBUSTIBLE'&amp#27;[0m, &amp#27;[36m'ARS'&amp#27;[0m)
&amp#27;[35m[Hibernate]&amp#27;[0m &amp#27;[34mINSERT&amp#27;[0m &amp#27;[34mINTO&amp#27;[0m CONSUMOS (ID_TARJETA, MONTO, DIA, MES, ANIO, RUBRO, MONEDA) &amp#27;[34mVALUES&amp#27;[0m (4, 20000.0, 15, 4, 2026, &amp#27;[36m'OTROS'&amp#27;[0m, &amp#27;[36m'ARS'&amp#27;[0m), (4, 5000.0, 28, 4, 2026, &amp#27;[36m'COMBUSTIBLE'&amp#27;[0m, &amp#27;[36m'ARS'&amp#27;[0m), (4, 35000.0, 2, 5, 2026, &amp#27;[36m'SUPERMERCADO'&amp#27;[0m, &amp#27;[36m'ARS'&amp#27;[0m), (4, 10000.0, 18, 5, 2026, &amp#27;[36m'RESTAURANTES'&amp#27;[0m, &amp#27;[36m'ARS'&amp#27;[0m), (4, 25.0, 20, 5, 2026, &amp#27;[36m'INDUMENTARIA'&amp#27;[0m, &amp#27;[36m'USD'&amp#27;[0m)
&amp#27;[35m[Hibernate]&amp#27;[0m &amp#27;[34mINSERT&amp#27;[0m &amp#27;[34mINTO&amp#27;[0m CONSUMOS (ID_TARJETA, MONTO, DIA, MES, ANIO, RUBRO, MONEDA) &amp#27;[34mVALUES&amp#27;[0m (5, 10000.0, 1, 5, 2026, &amp#27;[36m'SUPERMERCADO'&amp#27;[0m, &amp#27;[36m'ARS'&amp#27;[0m), (5, 15000.0, 8, 5, 2026, &amp#27;[36m'SUPERMERCADO'&amp#27;[0m, &amp#27;[36m'ARS'&amp#27;[0m), (5, 22000.0, 15, 5, 2026, &amp#27;[36m'SUPERMERCADO'&amp#27;[0m, &amp#27;[36m'ARS'&amp#27;[0m), (5, 8000.0, 22, 5, 2026, &amp#27;[36m'SUPERMERCADO'&amp#27;[0m, &amp#27;[36m'ARS'&amp#27;[0m), (5, 4000.0, 23, 5, 2026, &amp#27;[36m'COMBUSTIBLE'&amp#27;[0m, &amp#27;[36m'ARS'&amp#27;[0m), (5, 12000.0, 25, 5, 2026, &amp#27;[36m'RESTAURANTES'&amp#27;[0m, &amp#27;[36m'ARS'&amp#27;[0m), (5, 50.0, 27, 5, 2026, &amp#27;[36m'OTROS'&amp#27;[0m, &amp#27;[36m'USD'&amp#27;[0m), (5, 18000.0, 29, 5, 2026, &amp#27;[36m'INDUMENTARIA'&amp#27;[0m, &amp#27;[36m'ARS'&amp#27;[0m)
&amp#27;[35m[Hibernate]&amp#27;[0m &amp#27;[34mINSERT&amp#27;[0m &amp#27;[34mINTO&amp#27;[0m CONSUMOS (ID_TARJETA, MONTO, DIA, MES, ANIO, RUBRO, MONEDA) &amp#27;[34mVALUES&amp#27;[0m (6, 25000.0, 2, 5, 2026, &amp#27;[36m'OTROS'&amp#27;[0m, &amp#27;[36m'ARS'&amp#27;[0m), (6, 45.0, 10, 5, 2026, &amp#27;[36m'INDUMENTARIA'&amp#27;[0m, &amp#27;[36m'EUR'&amp#27;[0m), (6, 32000.0, 15, 5, 2026, &amp#27;[36m'SUPERMERCADO'&amp#27;[0m, &amp#27;[36m'ARS'&amp#27;[0m), (6, 8500.0, 20, 5, 2026, &amp#27;[36m'COMBUSTIBLE'&amp#27;[0m, &amp#27;[36m'ARS'&amp#27;[0m), (6, 120.0, 28, 5, 2026, &amp#27;[36m'RESTAURANTES'&amp#27;[0m, &amp#27;[36m'BRL'&amp#27;[0m), (6, 4000.0, 3, 5, 2026, &amp#27;[36m'OTROS'&amp#27;[0m, &amp#27;[36m'ARS'&amp#27;[0m), (6, 25.0, 6, 5, 2026, &amp#27;[36m'INDUMENTARIA'&amp#27;[0m, &amp#27;[36m'USD'&amp#27;[0m), (6, 15000.0, 12, 5, 2026, &amp#27;[36m'SUPERMERCADO'&amp#27;[0m, &amp#27;[36m'ARS'&amp#27;[0m), (6, 6500.0, 18, 5, 2026, &amp#27;[36m'COMBUSTIBLE'&amp#27;[0m, &amp#27;[36m'ARS'&amp#27;[0m), (6, 80.0, 22, 5, 2026, &amp#27;[36m'RESTAURANTES'&amp#27;[0m, &amp#27;[36m'EUR'&amp#27;[0m), (6, 12000.0, 25, 5, 2026, &amp#27;[36m'OTROS'&amp#27;[0m, &amp#27;[36m'ARS'&amp#27;[0m), (6, 35.0, 27, 5, 2026, &amp#27;[36m'INDUMENTARIA'&amp#27;[0m, &amp#27;[36m'USD'&amp#27;[0m)
&amp#27;[35m[Hibernate]&amp#27;[0m &amp#27;[34mINSERT&amp#27;[0m &amp#27;[34mINTO&amp#27;[0m CONSUMOS (ID_TARJETA, MONTO, DIA, MES, ANIO, RUBRO, MONEDA) &amp#27;[34mVALUES&amp#27;[0m (7, 5000.0, 3, 5, 2026, &amp#27;[36m'RESTAURANTES'&amp#27;[0m, &amp#27;[36m'ARS'&amp#27;[0m), (7, 8000.0, 5, 5, 2026, &amp#27;[36m'SUPERMERCADO'&amp#27;[0m, &amp#27;[36m'ARS'&amp#27;[0m), (7, 12000.0, 8, 5, 2026, &amp#27;[36m'COMBUSTIBLE'&amp#27;[0m, &amp#27;[36m'ARS'&amp#27;[0m), (7, 4500.0, 12, 5, 2026, &amp#27;[36m'OTROS'&amp#27;[0m, &amp#27;[36m'ARS'&amp#27;[0m), (7, 25000.0, 15, 5, 2026, &amp#27;[36m'INDUMENTARIA'&amp#27;[0m, &amp#27;[36m'ARS'&amp#27;[0m), (7, 10.0, 18, 5, 2026, &amp#27;[36m'OTROS'&amp#27;[0m, &amp#27;[36m'USD'&amp#27;[0m), (7, 30000.0, 22, 5, 2026, &amp#27;[36m'SUPERMERCADO'&amp#27;[0m, &amp#27;[36m'ARS'&amp#27;[0m), (7, 7500.0, 25, 5, 2026, &amp#27;[36m'RESTAURANTES'&amp#27;[0m, &amp#27;[36m'ARS'&amp#27;[0m), (7, 15000.0, 28, 5, 2026, &amp#27;[36m'COMBUSTIBLE'&amp#27;[0m, &amp#27;[36m'ARS'&amp#27;[0m)
&amp#27;[35m[Hibernate]&amp#27;[0m &amp#27;[34mINSERT&amp#27;[0m &amp#27;[34mINTO&amp#27;[0m CONSUMOS (ID_TARJETA, MONTO, DIA, MES, ANIO, RUBRO, MONEDA) &amp#27;[34mVALUES&amp#27;[0m (8, 40000.0, 3, 5, 2026, &amp#27;[36m'COMBUSTIBLE'&amp#27;[0m, &amp#27;[36m'ARS'&amp#27;[0m), (8, 55000.0, 14, 5, 2026, &amp#27;[36m'INDUMENTARIA'&amp#27;[0m, &amp#27;[36m'ARS'&amp#27;[0m), (8, 20.0, 21, 5, 2026, &amp#27;[36m'OTROS'&amp#27;[0m, &amp#27;[36m'USD'&amp#27;[0m), (8, 15000.0, 24, 5, 2026, &amp#27;[36m'SUPERMERCADO'&amp#27;[0m, &amp#27;[36m'ARS'&amp#27;[0m), (8, 12000.0, 26, 5, 2026, &amp#27;[36m'RESTAURANTES'&amp#27;[0m, &amp#27;[36m'ARS'&amp#27;[0m), (8, 30.0, 28, 5, 2026, &amp#27;[36m'OTROS'&amp#27;[0m, &amp#27;[36m'EUR'&amp#27;[0m)
&amp#27;[35m[Hibernate]&amp#27;[0m &amp#27;[34mINSERT&amp#27;[0m &amp#27;[34mINTO&amp#27;[0m CONSUMOS (ID_TARJETA, MONTO, DIA, MES, ANIO, RUBRO, MONEDA) &amp#27;[34mVALUES&amp#27;[0m (9, 15000.0, 5, 5, 2026, &amp#27;[36m'SUPERMERCADO'&amp#27;[0m, &amp#27;[36m'ARS'&amp#27;[0m), (9, 30.0, 11, 5, 2026, &amp#27;[36m'OTROS'&amp#27;[0m, &amp#27;[36m'EUR'&amp#27;[0m), (9, 8500.0, 15, 5, 2026, &amp#27;[36m'COMBUSTIBLE'&amp#27;[0m, &amp#27;[36m'ARS'&amp#27;[0m), (9, 22000.0, 18, 5, 2026, &amp#27;[36m'INDUMENTARIA'&amp#27;[0m, &amp#27;[36m'ARS'&amp#27;[0m), (9, 45.0, 20, 5, 2026, &amp#27;[36m'RESTAURANTES'&amp#27;[0m, &amp#27;[36m'USD'&amp#27;[0m), (9, 12000.0, 25, 5, 2026, &amp#27;[36m'SUPERMERCADO'&amp#27;[0m, &amp#27;[36m'ARS'&amp#27;[0m), (9, 5000.0, 28, 5, 2026, &amp#27;[36m'OTROS'&amp#27;[0m, &amp#27;[36m'ARS'&amp#27;[0m)
&amp#27;[35m[Hibernate]&amp#27;[0m &amp#27;[34mINSERT&amp#27;[0m &amp#27;[34mINTO&amp#27;[0m CONSUMOS (ID_TARJETA, MONTO, DIA, MES, ANIO, RUBRO, MONEDA) &amp#27;[34mVALUES&amp#27;[0m (10, 50000.0, 2, 5, 2026, &amp#27;[36m'OTROS'&amp#27;[0m, &amp#27;[36m'ARS'&amp#27;[0m), (10, 100.0, 5, 5, 2026, &amp#27;[36m'RESTAURANTES'&amp#27;[0m, &amp#27;[36m'USD'&amp#27;[0m), (10, 200.0, 10, 5, 2026, &amp#27;[36m'SUPERMERCADO'&amp#27;[0m, &amp#27;[36m'BRL'&amp#27;[0m), (10, 25000.0, 28, 5, 2026, &amp#27;[36m'COMBUSTIBLE'&amp#27;[0m, &amp#27;[36m'ARS'&amp#27;[0m), (10, 15000.0, 4, 5, 2026, &amp#27;[36m'INDUMENTARIA'&amp#27;[0m, &amp#27;[36m'ARS'&amp#27;[0m), (10, 8000.0, 8, 5, 2026, &amp#27;[36m'SUPERMERCADO'&amp#27;[0m, &amp#27;[36m'ARS'&amp#27;[0m), (10, 45.0, 12, 5, 2026, &amp#27;[36m'OTROS'&amp#27;[0m, &amp#27;[36m'EUR'&amp#27;[0m), (10, 32000.0, 16, 5, 2026, &amp#27;[36m'COMBUSTIBLE'&amp#27;[0m, &amp#27;[36m'ARS'&amp#27;[0m), (10, 18000.0, 20, 5, 2026, &amp#27;[36m'RESTAURANTES'&amp#27;[0m, &amp#27;[36m'ARS'&amp#27;[0m), (10, 5500.0, 24, 5, 2026, &amp#27;[36m'OTROS'&amp#27;[0m, &amp#27;[36m'ARS'&amp#27;[0m), (10, 120.0, 26, 5, 2026, &amp#27;[36m'INDUMENTARIA'&amp#27;[0m, &amp#27;[36m'BRL'&amp#27;[0m)
&amp#27;[35m[Hibernate]&amp#27;[0m &amp#27;[34mINSERT&amp#27;[0m &amp#27;[34mINTO&amp#27;[0m LIQUIDACIONES (ID_TARJETA, MES, ANIO, TOTAL_A_PAGAR, TOTAL_CONSUMOS, TOTAL_IMPUESTOS, TOTAL_DESCUENTOS) &amp#27;[34mVALUES&amp#27;[0m (1, 5, 2026, 475385.0, 436400.0, 43935.0, 4950.0)
&amp#27;[35m[Hibernate]&amp#27;[0m &amp#27;[34mINSERT&amp#27;[0m &amp#27;[34mINTO&amp#27;[0m LIQUIDACIONES (ID_TARJETA, MES, ANIO, TOTAL_A_PAGAR, TOTAL_CONSUMOS, TOTAL_IMPUESTOS, TOTAL_DESCUENTOS) &amp#27;[34mVALUES&amp#27;[0m (2, 5, 2026, 192591.88, 172625.0, 26716.88, 6750.0)
&amp#27;[35m[Hibernate]&amp#27;[0m &amp#27;[34mINSERT&amp#27;[0m &amp#27;[34mINTO&amp#27;[0m LIQUIDACIONES (ID_TARJETA, MES, ANIO, TOTAL_A_PAGAR, TOTAL_CONSUMOS, TOTAL_IMPUESTOS, TOTAL_DESCUENTOS) &amp#27;[34mVALUES&amp#27;[0m (3, 5, 2026, 642245.0, 590600.0, 52395.0, 750.0)
&amp#27;[35m[Hibernate]&amp#27;[0m &amp#27;[34mINSERT&amp#27;[0m &amp#27;[34mINTO&amp#27;[0m LIQUIDACIONES (ID_TARJETA, MES, ANIO, TOTAL_A_PAGAR, TOTAL_CONSUMOS, TOTAL_IMPUESTOS, TOTAL_DESCUENTOS) &amp#27;[34mVALUES&amp#27;[0m (4, 4, 2026, 31900.0, 25000.0, 7650.0, 750.0)
&amp#27;[35m[Hibernate]&amp#27;[0m &amp#27;[34mINSERT&amp#27;[0m &amp#27;[34mINTO&amp#27;[0m LIQUIDACIONES (ID_TARJETA, MES, ANIO, TOTAL_A_PAGAR, TOTAL_CONSUMOS, TOTAL_IMPUESTOS, TOTAL_DESCUENTOS) &amp#27;[34mVALUES&amp#27;[0m (4, 5, 2026, 93106.25, 83750.0, 12356.25, 3000.0)
&amp#27;[35m[Hibernate]&amp#27;[0m &amp#27;[34mINSERT&amp#27;[0m &amp#27;[34mINTO&amp#27;[0m LIQUIDACIONES (ID_TARJETA, MES, ANIO, TOTAL_A_PAGAR, TOTAL_CONSUMOS, TOTAL_IMPUESTOS, TOTAL_DESCUENTOS) &amp#27;[34mVALUES&amp#27;[0m (5, 5, 2026, 180802.5, 166500.0, 24502.5, 10200.0)
&amp#27;[35m[Hibernate]&amp#27;[0m 
    /* &amp#27;[34mselect&amp#27;[0m
        e 
    &amp#27;[34mfrom&amp#27;[0m
        Consumo e */ &amp#27;[34mselect&amp#27;[0m
            c1_0.ID,
            c1_0.ANIO,
            c1_0.DIA,
            c1_0.MES,
            c1_0.MONEDA,
            c1_0.MONTO,
            c1_0.RUBRO,
            c1_0.ID_TARJETA 
        &amp#27;[34mfrom&amp#27;[0m
            CONSUMOS c1_0
]]></system-out>
    <system-err><![CDATA[Jul 01, 2026 6:44:18 PM org.hibernate.jpa.internal.util.LogHelper logPersistenceUnitInformation
INFO: HHH000204: Processing PersistenceUnitInfo [name: RecuperatorioPU]
Jul 01, 2026 6:44:18 PM org.hibernate.Version logVersion
INFO: HHH000412: Hibernate ORM core version 6.4.4.Final
Jul 01, 2026 6:44:18 PM org.hibernate.cache.internal.RegionFactoryInitiator initiateService
INFO: HHH000026: Second-level cache disabled
Jul 01, 2026 6:44:18 PM org.hibernate.engine.jdbc.connections.internal.DriverManagerConnectionProviderImpl configure
WARN: HHH10001002: Using built-in connection pool (not intended for production use)
Jul 01, 2026 6:44:18 PM org.hibernate.engine.jdbc.connections.internal.DriverManagerConnectionProviderImpl buildCreator
INFO: HHH10001005: Loaded JDBC driver class: org.h2.Driver
Jul 01, 2026 6:44:18 PM org.hibernate.engine.jdbc.connections.internal.DriverManagerConnectionProviderImpl buildCreator
INFO: HHH10001012: Connecting with JDBC URL [jdbc:h2:file:./database/recuperatorio]
Jul 01, 2026 6:44:18 PM org.hibernate.engine.jdbc.connections.internal.DriverManagerConnectionProviderImpl buildCreator
INFO: HHH10001001: Connection properties: {password=****, user=sa}
Jul 01, 2026 6:44:18 PM org.hibernate.engine.jdbc.connections.internal.DriverManagerConnectionProviderImpl buildCreator
INFO: HHH10001003: Autocommit mode: false
Jul 01, 2026 6:44:18 PM org.hibernate.engine.jdbc.connections.internal.DriverManagerConnectionProviderImpl$PooledConnections <init>
INFO: HHH10001115: Connection pool size: 20 (min=1)
Jul 01, 2026 6:44:19 PM org.hibernate.engine.transaction.jta.platform.internal.JtaPlatformInitiator initiateService
INFO: HHH000489: No JTA platform available (set 'hibernate.transaction.jta.platform' to enable JTA platform integration)
Jul 01, 2026 6:44:19 PM org.hibernate.resource.transaction.backend.jdbc.internal.DdlTransactionIsolatorNonJtaImpl getIsolatedConnection
INFO: HHH10001501: Connection obtained from JdbcConnectionAccess [org.hibernate.engine.jdbc.env.internal.JdbcEnvironmentInitiator$ConnectionProviderJdbcConnectionAccess@2a99ca99] for (non-JTA) DDL execution was not in auto-commit mode; the Connection 'local transaction' will be committed and the Connection will be set into auto-commit mode.
Jul 01, 2026 6:44:19 PM org.hibernate.resource.transaction.backend.jdbc.internal.DdlTransactionIsolatorNonJtaImpl getIsolatedConnection
INFO: HHH10001501: Connection obtained from JdbcConnectionAccess [org.hibernate.engine.jdbc.env.internal.JdbcEnvironmentInitiator$ConnectionProviderJdbcConnectionAccess@aa1bb14] for (non-JTA) DDL execution was not in auto-commit mode; the Connection 'local transaction' will be committed and the Connection will be set into auto-commit mode.
]]></system-err>
  </testcase>
  <testcase name="findAllConTarjeta_deberiaTraerLaTarjetaCargada" classname="ar.edu.utnfrc.k5a.recuperatorio.dao.ConsumoDAOTest" time="0.028">
    <system-out><![CDATA[&amp#27;[35m[Hibernate]&amp#27;[0m 
    /* &amp#27;[34mSELECT&amp#27;[0m
        c 
    &amp#27;[34mFROM&amp#27;[0m
        Consumo c 
    &amp#27;[34mJOIN&amp#27;[0m
        
    &amp#27;[34mFETCH&amp#27;[0m
        c.tarjeta  */ &amp#27;[34mselect&amp#27;[0m
            c1_0.ID,
            c1_0.ANIO,
            c1_0.DIA,
            c1_0.MES,
            c1_0.MONEDA,
            c1_0.MONTO,
            c1_0.RUBRO,
            c1_0.ID_TARJETA,
            t1_0.ID,
            t1_0.LIMITE_CREDITO,
            t1_0.NUMERO,
            t1_0.TITULAR 
        &amp#27;[34mfrom&amp#27;[0m
            CONSUMOS c1_0 
        &amp#27;[34mjoin&amp#27;[0m
            TARJETAS t1_0 
                &amp#27;[34mon&amp#27;[0m t1_0.ID=c1_0.ID_TARJETA
]]></system-out>
  </testcase>
  <testcase name="findByIdConTarjeta_inexistente_deberiaLanzarNoResultException" classname="ar.edu.utnfrc.k5a.recuperatorio.dao.ConsumoDAOTest" time="0.035">
    <system-out><![CDATA[&amp#27;[35m[Hibernate]&amp#27;[0m 
    /* &amp#27;[34mSELECT&amp#27;[0m
        c 
    &amp#27;[34mFROM&amp#27;[0m
        Consumo c 
    &amp#27;[34mJOIN&amp#27;[0m
        
    &amp#27;[34mFETCH&amp#27;[0m
        c.tarjeta 
    &amp#27;[34mWHERE&amp#27;[0m
        c.id = :id  */ &amp#27;[34mselect&amp#27;[0m
            c1_0.ID,
            c1_0.ANIO,
            c1_0.DIA,
            c1_0.MES,
            c1_0.MONEDA,
            c1_0.MONTO,
            c1_0.RUBRO,
            c1_0.ID_TARJETA,
            t1_0.ID,
            t1_0.LIMITE_CREDITO,
            t1_0.NUMERO,
            t1_0.TITULAR 
        &amp#27;[34mfrom&amp#27;[0m
            CONSUMOS c1_0 
        &amp#27;[34mjoin&amp#27;[0m
            TARJETAS t1_0 
                &amp#27;[34mon&amp#27;[0m t1_0.ID=c1_0.ID_TARJETA 
        &amp#27;[34mwhere&amp#27;[0m
            c1_0.ID=?
]]></system-out>
  </testcase>
  <testcase name="findByTarjetaIdAnioMes_sinConsumosEnEsePeriodo_deberiaEstarVacio" classname="ar.edu.utnfrc.k5a.recuperatorio.dao.ConsumoDAOTest" time="0.035">
    <system-out><![CDATA[&amp#27;[35m[Hibernate]&amp#27;[0m 
    /* &amp#27;[34mselect&amp#27;[0m
        e 
    &amp#27;[34mfrom&amp#27;[0m
        Tarjeta e */ &amp#27;[34mselect&amp#27;[0m
            t1_0.ID,
            t1_0.LIMITE_CREDITO,
            t1_0.NUMERO,
            t1_0.TITULAR 
        &amp#27;[34mfrom&amp#27;[0m
            TARJETAS t1_0
&amp#27;[35m[Hibernate]&amp#27;[0m 
    /* &amp#27;[34mSELECT&amp#27;[0m
        c 
    &amp#27;[34mFROM&amp#27;[0m
        Consumo c 
    &amp#27;[34mWHERE&amp#27;[0m
        c.tarjeta.id = :id     
        &amp#27;[34mAND&amp#27;[0m c.anio = :anio     
        &amp#27;[34mAND&amp#27;[0m c.mes = :mes 
    &amp#27;[34mORDER&amp#27;[0m &amp#27;[34mBY&amp#27;[0m
        c.dia  */ &amp#27;[34mselect&amp#27;[0m
            c1_0.ID,
            c1_0.ANIO,
            c1_0.DIA,
            c1_0.MES,
            c1_0.MONEDA,
            c1_0.MONTO,
            c1_0.RUBRO,
            c1_0.ID_TARJETA 
        &amp#27;[34mfrom&amp#27;[0m
            CONSUMOS c1_0 
        &amp#27;[34mwhere&amp#27;[0m
            c1_0.ID_TARJETA=? 
            &amp#27;[34mand&amp#27;[0m c1_0.ANIO=? 
            &amp#27;[34mand&amp#27;[0m c1_0.MES=? 
        &amp#27;[34morder&amp#27;[0m &amp#27;[34mby&amp#27;[0m
            c1_0.DIA
]]></system-out>
  </testcase>
  <testcase name="findByIdConTarjeta_existente_deberiaEncontrarloConSuTarjeta" classname="ar.edu.utnfrc.k5a.recuperatorio.dao.ConsumoDAOTest" time="0.012">
    <system-out><![CDATA[&amp#27;[35m[Hibernate]&amp#27;[0m 
    /* &amp#27;[34mselect&amp#27;[0m
        e 
    &amp#27;[34mfrom&amp#27;[0m
        Consumo e */ &amp#27;[34mselect&amp#27;[0m
            c1_0.ID,
            c1_0.ANIO,
            c1_0.DIA,
            c1_0.MES,
            c1_0.MONEDA,
            c1_0.MONTO,
            c1_0.RUBRO,
            c1_0.ID_TARJETA 
        &amp#27;[34mfrom&amp#27;[0m
            CONSUMOS c1_0
&amp#27;[35m[Hibernate]&amp#27;[0m 
    /* &amp#27;[34mSELECT&amp#27;[0m
        c 
    &amp#27;[34mFROM&amp#27;[0m
        Consumo c 
    &amp#27;[34mJOIN&amp#27;[0m
        
    &amp#27;[34mFETCH&amp#27;[0m
        c.tarjeta 
    &amp#27;[34mWHERE&amp#27;[0m
        c.id = :id  */ &amp#27;[34mselect&amp#27;[0m
            c1_0.ID,
            c1_0.ANIO,
            c1_0.DIA,
            c1_0.MES,
            c1_0.MONEDA,
            c1_0.MONTO,
            c1_0.RUBRO,
            c1_0.ID_TARJETA,
            t1_0.ID,
            t1_0.LIMITE_CREDITO,
            t1_0.NUMERO,
            t1_0.TITULAR 
        &amp#27;[34mfrom&amp#27;[0m
            CONSUMOS c1_0 
        &amp#27;[34mjoin&amp#27;[0m
            TARJETAS t1_0 
                &amp#27;[34mon&amp#27;[0m t1_0.ID=c1_0.ID_TARJETA 
        &amp#27;[34mwhere&amp#27;[0m
            c1_0.ID=?
]]></system-out>
  </testcase>
  <testcase name="findByTarjetaIdAnioMes_deberiaTraerLosConsumosOrdenadosPorDia" classname="ar.edu.utnfrc.k5a.recuperatorio.dao.ConsumoDAOTest" time="0.006">
    <system-out><![CDATA[&amp#27;[35m[Hibernate]&amp#27;[0m 
    /* &amp#27;[34mselect&amp#27;[0m
        e 
    &amp#27;[34mfrom&amp#27;[0m
        Tarjeta e */ &amp#27;[34mselect&amp#27;[0m
            t1_0.ID,
            t1_0.LIMITE_CREDITO,
            t1_0.NUMERO,
            t1_0.TITULAR 
        &amp#27;[34mfrom&amp#27;[0m
            TARJETAS t1_0
&amp#27;[35m[Hibernate]&amp#27;[0m 
    /* &amp#27;[34mSELECT&amp#27;[0m
        c 
    &amp#27;[34mFROM&amp#27;[0m
        Consumo c 
    &amp#27;[34mWHERE&amp#27;[0m
        c.tarjeta.id = :id     
        &amp#27;[34mAND&amp#27;[0m c.anio = :anio     
        &amp#27;[34mAND&amp#27;[0m c.mes = :mes 
    &amp#27;[34mORDER&amp#27;[0m &amp#27;[34mBY&amp#27;[0m
        c.dia  */ &amp#27;[34mselect&amp#27;[0m
            c1_0.ID,
            c1_0.ANIO,
            c1_0.DIA,
            c1_0.MES,
            c1_0.MONEDA,
            c1_0.MONTO,
            c1_0.RUBRO,
            c1_0.ID_TARJETA 
        &amp#27;[34mfrom&amp#27;[0m
            CONSUMOS c1_0 
        &amp#27;[34mwhere&amp#27;[0m
            c1_0.ID_TARJETA=? 
            &amp#27;[34mand&amp#27;[0m c1_0.ANIO=? 
            &amp#27;[34mand&amp#27;[0m c1_0.MES=? 
        &amp#27;[34morder&amp#27;[0m &amp#27;[34mby&amp#27;[0m
            c1_0.DIA
]]></system-out>
  </testcase>
  <testcase name="crud_deberiaCrearActualizarYEliminar" classname="ar.edu.utnfrc.k5a.recuperatorio.dao.ConsumoDAOTest" time="0.06">
    <system-out><![CDATA[&amp#27;[35m[Hibernate]&amp#27;[0m 
    /* &amp#27;[34minsert&amp#27;[0m &amp#27;[34mfor&amp#27;[0m
        ar.edu.utnfrc.k5a.recuperatorio.entities.Tarjeta */&amp#27;[34minsert&amp#27;[0m 
    &amp#27;[34minto&amp#27;[0m
        TARJETAS (LIMITE_CREDITO, NUMERO, TITULAR, ID) 
    &amp#27;[34mvalues&amp#27;[0m
        (?, ?, ?, &amp#27;[34mdefault&amp#27;[0m)
&amp#27;[35m[Hibernate]&amp#27;[0m 
    /* &amp#27;[34minsert&amp#27;[0m &amp#27;[34mfor&amp#27;[0m
        ar.edu.utnfrc.k5a.recuperatorio.entities.Consumo */&amp#27;[34minsert&amp#27;[0m 
    &amp#27;[34minto&amp#27;[0m
        CONSUMOS (ANIO, DIA, MES, MONEDA, MONTO, RUBRO, ID_TARJETA, ID) 
    &amp#27;[34mvalues&amp#27;[0m
        (?, ?, ?, ?, ?, ?, ?, &amp#27;[34mdefault&amp#27;[0m)
&amp#27;[35m[Hibernate]&amp#27;[0m 
    &amp#27;[34mselect&amp#27;[0m
        c1_0.ID,
        c1_0.ANIO,
        c1_0.DIA,
        c1_0.MES,
        c1_0.MONEDA,
        c1_0.MONTO,
        c1_0.RUBRO,
        c1_0.ID_TARJETA 
    &amp#27;[34mfrom&amp#27;[0m
        CONSUMOS c1_0 
    &amp#27;[34mwhere&amp#27;[0m
        c1_0.ID=?
&amp#27;[35m[Hibernate]&amp#27;[0m 
    &amp#27;[34mselect&amp#27;[0m
        c1_0.ID,
        c1_0.ANIO,
        c1_0.DIA,
        c1_0.MES,
        c1_0.MONEDA,
        c1_0.MONTO,
        c1_0.RUBRO,
        c1_0.ID_TARJETA 
    &amp#27;[34mfrom&amp#27;[0m
        CONSUMOS c1_0 
    &amp#27;[34mwhere&amp#27;[0m
        c1_0.ID=?
&amp#27;[35m[Hibernate]&amp#27;[0m 
    /* &amp#27;[34mupdate&amp#27;[0m
        &amp#27;[34mfor&amp#27;[0m ar.edu.utnfrc.k5a.recuperatorio.entities.Consumo */&amp#27;[34mupdate&amp#27;[0m CONSUMOS 
    &amp#27;[34mset&amp#27;[0m
        ANIO=?,
        DIA=?,
        MES=?,
        MONEDA=?,
        MONTO=?,
        RUBRO=?,
        ID_TARJETA=? 
    &amp#27;[34mwhere&amp#27;[0m
        ID=?
&amp#27;[35m[Hibernate]&amp#27;[0m 
    &amp#27;[34mselect&amp#27;[0m
        c1_0.ID,
        c1_0.ANIO,
        c1_0.DIA,
        c1_0.MES,
        c1_0.MONEDA,
        c1_0.MONTO,
        c1_0.RUBRO,
        c1_0.ID_TARJETA 
    &amp#27;[34mfrom&amp#27;[0m
        CONSUMOS c1_0 
    &amp#27;[34mwhere&amp#27;[0m
        c1_0.ID=?
&amp#27;[35m[Hibernate]&amp#27;[0m 
    &amp#27;[34mselect&amp#27;[0m
        c1_0.ID,
        c1_0.ANIO,
        c1_0.DIA,
        c1_0.MES,
        c1_0.MONEDA,
        c1_0.MONTO,
        c1_0.RUBRO,
        c1_0.ID_TARJETA 
    &amp#27;[34mfrom&amp#27;[0m
        CONSUMOS c1_0 
    &amp#27;[34mwhere&amp#27;[0m
        c1_0.ID=?
&amp#27;[35m[Hibernate]&amp#27;[0m 
    /* &amp#27;[34mdelete&amp#27;[0m &amp#27;[34mfor&amp#27;[0m ar.edu.utnfrc.k5a.recuperatorio.entities.Consumo */&amp#27;[34mdelete&amp#27;[0m 
    &amp#27;[34mfrom&amp#27;[0m
        CONSUMOS 
    &amp#27;[34mwhere&amp#27;[0m
        ID=?
&amp#27;[35m[Hibernate]&amp#27;[0m 
    &amp#27;[34mselect&amp#27;[0m
        c1_0.ID,
        c1_0.ANIO,
        c1_0.DIA,
        c1_0.MES,
        c1_0.MONEDA,
        c1_0.MONTO,
        c1_0.RUBRO,
        c1_0.ID_TARJETA 
    &amp#27;[34mfrom&amp#27;[0m
        CONSUMOS c1_0 
    &amp#27;[34mwhere&amp#27;[0m
        c1_0.ID=?
&amp#27;[35m[Hibernate]&amp#27;[0m 
    &amp#27;[34mselect&amp#27;[0m
        t1_0.ID,
        t1_0.LIMITE_CREDITO,
        t1_0.NUMERO,
        t1_0.TITULAR 
    &amp#27;[34mfrom&amp#27;[0m
        TARJETAS t1_0 
    &amp#27;[34mwhere&amp#27;[0m
        t1_0.ID=?
&amp#27;[35m[Hibernate]&amp#27;[0m 
    /* &amp#27;[34mdelete&amp#27;[0m &amp#27;[34mfor&amp#27;[0m ar.edu.utnfrc.k5a.recuperatorio.entities.Tarjeta */&amp#27;[34mdelete&amp#27;[0m 
    &amp#27;[34mfrom&amp#27;[0m
        TARJETAS 
    &amp#27;[34mwhere&amp#27;[0m
        ID=?
]]></system-out>
  </testcase>
</testsuite>