<?xml version="1.0" encoding="UTF-8"?>
<testsuite xmlns:xsi="http://www.w3.org/2001/XMLSchema-instance" xsi:noNamespaceSchemaLocation="https://maven.apache.org/surefire/maven-surefire-plugin/xsd/surefire-test-report.xsd" version="3.0.1" name="ar.edu.utnfrc.k5a.recuperatorio.dao.CotizacionDAOTest" time="0.02" tests="4" errors="0" skipped="0" failures="0">
  <properties>
[...]
</properties>
  <testcase name="findAll_deberiaTraerLasCotizacionesSemilla" classname="ar.edu.utnfrc.k5a.recuperatorio.dao.CotizacionDAOTest" time="0.004">
    <system-out><![CDATA[&amp#27;[35m[Hibernate]&amp#27;[0m 
    /* &amp#27;[34mselect&amp#27;[0m
        e 
    &amp#27;[34mfrom&amp#27;[0m
        Cotizacion e */ &amp#27;[34mselect&amp#27;[0m
            c1_0.MONEDA,
            c1_0.TASA_CAMBIO 
        &amp#27;[34mfrom&amp#27;[0m
            COTIZACIONES c1_0
]]></system-out>
  </testcase>
  <testcase name="findById_inexistente_deberiaEstarVacio" classname="ar.edu.utnfrc.k5a.recuperatorio.dao.CotizacionDAOTest" time="0.002">
    <system-out><![CDATA[&amp#27;[35m[Hibernate]&amp#27;[0m 
    &amp#27;[34mselect&amp#27;[0m
        c1_0.MONEDA,
        c1_0.TASA_CAMBIO 
    &amp#27;[34mfrom&amp#27;[0m
        COTIZACIONES c1_0 
    &amp#27;[34mwhere&amp#27;[0m
        c1_0.MONEDA=?
]]></system-out>
  </testcase>
  <testcase name="findById_existente_deberiaTraerLaTasaCorrecta" classname="ar.edu.utnfrc.k5a.recuperatorio.dao.CotizacionDAOTest" time="0.002">
    <system-out><![CDATA[&amp#27;[35m[Hibernate]&amp#27;[0m 
    &amp#27;[34mselect&amp#27;[0m
        c1_0.MONEDA,
        c1_0.TASA_CAMBIO 
    &amp#27;[34mfrom&amp#27;[0m
        COTIZACIONES c1_0 
    &amp#27;[34mwhere&amp#27;[0m
        c1_0.MONEDA=?
]]></system-out>
  </testcase>
  <testcase name="crud_deberiaCrearActualizarYEliminar" classname="ar.edu.utnfrc.k5a.recuperatorio.dao.CotizacionDAOTest" time="0.01">
    <system-out><![CDATA[&amp#27;[35m[Hibernate]&amp#27;[0m 
    /* &amp#27;[34minsert&amp#27;[0m &amp#27;[34mfor&amp#27;[0m
        ar.edu.utnfrc.k5a.recuperatorio.entities.Cotizacion */&amp#27;[34minsert&amp#27;[0m 
    &amp#27;[34minto&amp#27;[0m
        COTIZACIONES (TASA_CAMBIO, MONEDA) 
    &amp#27;[34mvalues&amp#27;[0m
        (?, ?)
&amp#27;[35m[Hibernate]&amp#27;[0m 
    &amp#27;[34mselect&amp#27;[0m
        c1_0.MONEDA,
        c1_0.TASA_CAMBIO 
    &amp#27;[34mfrom&amp#27;[0m
        COTIZACIONES c1_0 
    &amp#27;[34mwhere&amp#27;[0m
        c1_0.MONEDA=?
&amp#27;[35m[Hibernate]&amp#27;[0m 
    &amp#27;[34mselect&amp#27;[0m
        c1_0.MONEDA,
        c1_0.TASA_CAMBIO 
    &amp#27;[34mfrom&amp#27;[0m
        COTIZACIONES c1_0 
    &amp#27;[34mwhere&amp#27;[0m
        c1_0.MONEDA=?
&amp#27;[35m[Hibernate]&amp#27;[0m 
    /* &amp#27;[34mupdate&amp#27;[0m
        &amp#27;[34mfor&amp#27;[0m ar.edu.utnfrc.k5a.recuperatorio.entities.Cotizacion */&amp#27;[34mupdate&amp#27;[0m COTIZACIONES 
    &amp#27;[34mset&amp#27;[0m
        TASA_CAMBIO=? 
    &amp#27;[34mwhere&amp#27;[0m
        MONEDA=?
&amp#27;[35m[Hibernate]&amp#27;[0m 
    &amp#27;[34mselect&amp#27;[0m
        c1_0.MONEDA,
        c1_0.TASA_CAMBIO 
    &amp#27;[34mfrom&amp#27;[0m
        COTIZACIONES c1_0 
    &amp#27;[34mwhere&amp#27;[0m
        c1_0.MONEDA=?
&amp#27;[35m[Hibernate]&amp#27;[0m 
    &amp#27;[34mselect&amp#27;[0m
        c1_0.MONEDA,
        c1_0.TASA_CAMBIO 
    &amp#27;[34mfrom&amp#27;[0m
        COTIZACIONES c1_0 
    &amp#27;[34mwhere&amp#27;[0m
        c1_0.MONEDA=?
&amp#27;[35m[Hibernate]&amp#27;[0m 
    /* &amp#27;[34mdelete&amp#27;[0m &amp#27;[34mfor&amp#27;[0m ar.edu.utnfrc.k5a.recuperatorio.entities.Cotizacion */&amp#27;[34mdelete&amp#27;[0m 
    &amp#27;[34mfrom&amp#27;[0m
        COTIZACIONES 
    &amp#27;[34mwhere&amp#27;[0m
        MONEDA=?
&amp#27;[35m[Hibernate]&amp#27;[0m 
    &amp#27;[34mselect&amp#27;[0m
        c1_0.MONEDA,
        c1_0.TASA_CAMBIO 
    &amp#27;[34mfrom&amp#27;[0m
        COTIZACIONES c1_0 
    &amp#27;[34mwhere&amp#27;[0m
        c1_0.MONEDA=?
]]></system-out>
  </testcase>
</testsuite>